[debug] [2025-08-16T07:05:07.175Z] ----------------------------------------------------------------------
[debug] [2025-08-16T07:05:07.178Z] Command:       C:\Program Files\nodejs\node.exe C:\Users\sanje\AppData\Roaming\npm\node_modules\firebase-tools\lib\bin\firebase.js init hosting
[debug] [2025-08-16T07:05:07.179Z] CLI Version:   14.12.1
[debug] [2025-08-16T07:05:07.179Z] Platform:      win32
[debug] [2025-08-16T07:05:07.180Z] Node Version:  v22.16.0
[debug] [2025-08-16T07:05:07.180Z] Time:          Sat Aug 16 2025 12:35:07 GMT+0530 (India Standard Time)
[debug] [2025-08-16T07:05:07.181Z] ----------------------------------------------------------------------
[debug] 
[debug] [2025-08-16T07:05:07.184Z] >>> [apiv2][query] GET https://firebase-public.firebaseio.com/cli.json [none]
[debug] [2025-08-16T07:05:07.245Z] > command requires scopes: ["email","openid","https://www.googleapis.com/auth/cloudplatformprojects.readonly","https://www.googleapis.com/auth/firebase","https://www.googleapis.com/auth/cloud-platform"]
[debug] [2025-08-16T07:05:07.245Z] > authorizing via signed-in user (sanjeebkodoth@gmail.com)
[info] 
     ######## #### ########  ######## ########     ###     ######  ########
     ##        ##  ##     ## ##       ##     ##  ##   ##  ##       ##
     ######    ##  ########  ######   ########  #########  ######  ######
     ##        ##  ##    ##  ##       ##     ## ##     ##       ## ##
     ##       #### ##     ## ######## ########  ##     ##  ######  ########

You're about to initialize a Firebase project in this directory:

  C:\Users\sanje\Documents\GitHub\todo-chat

[debug] [2025-08-16T07:05:07.859Z] <<< [apiv2][status] GET https://firebase-public.firebaseio.com/cli.json 200
[debug] [2025-08-16T07:05:07.859Z] <<< [apiv2][body] GET https://firebase-public.firebaseio.com/cli.json {"cloudBuildErrorAfter":1594252800000,"cloudBuildWarnAfter":1590019200000,"defaultNode10After":1594252800000,"minVersion":"3.0.5","node8DeploysDisabledAfter":1613390400000,"node8RuntimeDisabledAfter":1615809600000,"node8WarnAfter":1600128000000}
[info] 
=== Project Setup
[info] 
[info] First, let's associate this project directory with a Firebase project.
[info] You can create multiple project aliases by running firebase use --add, 
[info] but for now we'll just set up a default project.
[info] 
[debug] [2025-08-16T07:05:21.662Z] Checked if tokens are valid: false, expires at: 1754201086249
[debug] [2025-08-16T07:05:21.662Z] Checked if tokens are valid: false, expires at: 1754201086249
[debug] [2025-08-16T07:05:21.662Z] > refreshing access token with scopes: []
[debug] [2025-08-16T07:05:21.663Z] >>> [apiv2][query] POST https://www.googleapis.com/oauth2/v3/token [none]
[debug] [2025-08-16T07:05:21.663Z] >>> [apiv2][body] POST https://www.googleapis.com/oauth2/v3/token [omitted]
[debug] [2025-08-16T07:05:21.839Z] <<< [apiv2][status] POST https://www.googleapis.com/oauth2/v3/token 200
[debug] [2025-08-16T07:05:21.840Z] <<< [apiv2][body] POST https://www.googleapis.com/oauth2/v3/token [omitted]
[debug] [2025-08-16T07:05:21.864Z] >>> [apiv2][query] GET https://firebase.googleapis.com/v1beta1/projects pageSize=100
[debug] [2025-08-16T07:05:22.512Z] <<< [apiv2][status] GET https://firebase.googleapis.com/v1beta1/projects 200
[debug] [2025-08-16T07:05:22.512Z] <<< [apiv2][body] GET https://firebase.googleapis.com/v1beta1/projects [omitted]
[info] i  Using project realtime-database-a6fb3 (Realtime Database) 
[info] 
=== Hosting Setup
[debug] [2025-08-16T07:05:26.046Z] Checked if tokens are valid: true, expires at: 1755331520840
[debug] [2025-08-16T07:05:26.046Z] Checked if tokens are valid: true, expires at: 1755331520840
[debug] [2025-08-16T07:05:26.047Z] >>> [apiv2][query] GET https://firebase.googleapis.com/v1beta1/projects/realtime-database-a6fb3 [none]
[debug] [2025-08-16T07:05:26.423Z] <<< [apiv2][status] GET https://firebase.googleapis.com/v1beta1/projects/realtime-database-a6fb3 200
[debug] [2025-08-16T07:05:26.423Z] <<< [apiv2][body] GET https://firebase.googleapis.com/v1beta1/projects/realtime-database-a6fb3 {"projectId":"realtime-database-a6fb3","projectNumber":"6040512462","displayName":"Realtime Database","name":"projects/realtime-database-a6fb3","resources":{"hostingSite":"realtime-database-a6fb3","realtimeDatabaseInstance":"realtime-database-a6fb3-default-rtdb"},"state":"ACTIVE","etag":"1_923465a1-64dc-4059-9827-b3468d722c15"}
[info] 
[info] Your public directory is the folder (relative to your project directory) that
[info] will contain Hosting assets to be uploaded with firebase deploy. If you
[info] have a build process for your assets, use your build's output directory.
[info] 
[debug] [2025-08-16T07:05:40.681Z] >>> [apiv2][query] GET https://www.gstatic.com/firebasejs/releases.json [none]
[debug] [2025-08-16T07:05:40.789Z] <<< [apiv2][status] GET https://www.gstatic.com/firebasejs/releases.json 200
[debug] [2025-08-16T07:05:40.789Z] <<< [apiv2][body] GET https://www.gstatic.com/firebasejs/releases.json {"current":{"version":"12.1.0","browserURL":"https://www.gstatic.com/firebasejs/12.1.0/firebase.js","packageURL":"https://www.gstatic.com/firebasejs/12.1.0/firebase.tgz"},"live":{"version":"12.1","browserURL":"https://www.gstatic.com/firebasejs/live/12.1/firebase.js","packageURL":"https://www.gstatic.com/firebasejs/live/12.1/firebase.tgz"},"components":{"ai":"https://www.gstatic.com/firebasejs/12.1.0/firebase-ai.js","analytics":"https://www.gstatic.com/firebasejs/12.1.0/firebase-analytics.js","app":"https://www.gstatic.com/firebasejs/12.1.0/firebase-app.js","app-check":"https://www.gstatic.com/firebasejs/12.1.0/firebase-app-check.js","auth":"https://www.gstatic.com/firebasejs/12.1.0/firebase-auth.js","auth/cordova":"https://www.gstatic.com/firebasejs/12.1.0/firebase-auth/cordova.js","auth/web-extension":"https://www.gstatic.com/firebasejs/12.1.0/firebase-auth/web-extension.js","functions":"https://www.gstatic.com/firebasejs/12.1.0/firebase-functions.js","firestore":"https://www.gstatic.com/firebasejs/12.1.0/firebase-firestore.js","firestore/lite":"https://www.gstatic.com/firebasejs/12.1.0/firebase-firestore/lite.js","installations":"https://www.gstatic.com/firebasejs/12.1.0/firebase-installations.js","storage":"https://www.gstatic.com/firebasejs/12.1.0/firebase-storage.js","performance":"https://www.gstatic.com/firebasejs/12.1.0/firebase-performance.js","remote-config":"https://www.gstatic.com/firebasejs/12.1.0/firebase-remote-config.js","messaging":"https://www.gstatic.com/firebasejs/12.1.0/firebase-messaging.js","messaging/sw":"https://www.gstatic.com/firebasejs/12.1.0/firebase-messaging/sw.js","database":"https://www.gstatic.com/firebasejs/12.1.0/firebase-database.js","data-connect":"https://www.gstatic.com/firebasejs/12.1.0/firebase-data-connect.js","firestore.memory":"https://www.gstatic.com/firebasejs/12.1.0/firebase-firestore.memory.js"}}
[info] +  Wrote public/index.html 
[info] 
[info] i  Didn't detect a .git folder. Assuming C:\Users\sanje\Documents\GitHub\todo-chat is the project root. 
[info] i  Authorizing with GitHub to upload your service account to a GitHub repository's secrets store. 
[info] 
[info] Visit this URL on this device to log in:
[info] https://github.com/login/oauth/authorize?client_id=89cf50f02ac6aaed3484&state=892368356&redirect_uri=http%3A%2F%2Flocalhost%3A9005&scope=read%3Auser%20repo%20public_repo
[info] 
[info] Waiting for authentication...
[debug] [2025-08-16T07:05:41.513Z] >>> [apiv2][query] POST https://github.com/login/oauth/access_token [none]
[debug] [2025-08-16T07:05:41.513Z] >>> [apiv2][body] POST https://github.com/login/oauth/access_token [stream]
[debug] [2025-08-16T07:05:41.926Z] <<< [apiv2][status] POST https://github.com/login/oauth/access_token 200
[debug] [2025-08-16T07:05:41.926Z] <<< [apiv2][body] POST https://github.com/login/oauth/access_token {"access_token":"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","token_type":"bearer","scope":"read:user,repo"}
[debug] [2025-08-16T07:05:41.930Z] >>> [apiv2][query] GET https://api.github.com/user [none]
[debug] [2025-08-16T07:05:42.399Z] <<< [apiv2][status] GET https://api.github.com/user 200
[debug] [2025-08-16T07:05:42.400Z] <<< [apiv2][body] GET https://api.github.com/user {"login":"Sanjeeb-J","id":170693945,"node_id":"U_kgDOCiyVOQ","avatar_url":"https://avatars.githubusercontent.com/u/170693945?v=4","gravatar_id":"","url":"https://api.github.com/users/Sanjeeb-J","html_url":"https://github.com/Sanjeeb-J","followers_url":"https://api.github.com/users/Sanjeeb-J/followers","following_url":"https://api.github.com/users/Sanjeeb-J/following{/other_user}","gists_url":"https://api.github.com/users/Sanjeeb-J/gists{/gist_id}","starred_url":"https://api.github.com/users/Sanjeeb-J/starred{/owner}{/repo}","subscriptions_url":"https://api.github.com/users/Sanjeeb-J/subscriptions","organizations_url":"https://api.github.com/users/Sanjeeb-J/orgs","repos_url":"https://api.github.com/users/Sanjeeb-J/repos","events_url":"https://api.github.com/users/Sanjeeb-J/events{/privacy}","received_events_url":"https://api.github.com/users/Sanjeeb-J/received_events","type":"User","user_view_type":"private","site_admin":false,"name":"Sanjeeb J ","company":null,"blog":"https://sanjeeb-j.github.io/web/","location":null,"email":null,"hireable":null,"bio":"Front-End Developer","twitter_username":null,"notification_email":null,"public_repos":6,"public_gists":0,"followers":9,"following":16,"created_at":"2024-05-24T03:11:16Z","updated_at":"2025-08-15T10:20:14Z","private_gists":0,"total_private_repos":4,"owned_private_repos":4,"disk_usage":229145,"collaborators":0,"two_factor_authentication":false,"plan":{"name":"free","space":976562499,"collaborators":0,"private_repos":10000}}
[info] 
[info] +  Success! Logged into GitHub as Sanjeeb-J 
[info] 
